# JRE version: OpenJDK Runtime Environment (7.0-b15) (build 1.7.0_91-b15)
# Java VM: OpenJDK 64-Bit Server VM (24.91-b15 mixed mode windows-amd64 compressed oops)
Heap
 PSYoungGen      total 282624K, used 279595K [0x00000007d5e00000, 0x00000007f2680000, 0x0000000800000000)
  eden space 258048K, 100% used [0x00000007d5e00000,0x00000007e5a00000,0x00000007e5a00000)
  from space 24576K, 87% used [0x00000007e5a00000,0x00000007e6f0aed0,0x00000007e7200000)
  to   space 27136K, 99% used [0x00000007f0c00000,0x00000007f267e058,0x00000007f2680000)
 ParOldGen       total 127488K, used 126975K [0x0000000781a00000, 0x0000000789680000, 0x00000007d5e00000)
  object space 127488K, 99% used [0x0000000781a00000,0x00000007895fff30,0x0000000789680000)
 PSPermGen       total 38912K, used 38867K [0x000000077c800000, 0x000000077ee00000, 0x0000000781a00000)
  object space 38912K, 99% used [0x000000077c800000,0x000000077edf4ca8,0x000000077ee00000)
GC Heap History (10 events):
Event: 3.290 GC heap after
Heap after GC invocations=5 (full 0):
 PSYoungGen      total 71680K, used 5104K [0x00000007d5e00000, 0x00000007df700000, 0x0000000800000000)
  eden space 66560K, 0% used [0x00000007d5e00000,0x00000007d5e00000,0x00000007d9f00000)
  from space 5120K, 99% used [0x00000007d9f00000,0x00000007da3fc030,0x00000007da400000)
  to   space 11776K, 0% used [0x00000007deb80000,0x00000007deb80000,0x00000007df700000)
 ParOldGen       total 86016K, used 15963K [0x0000000781a00000, 0x0000000786e00000, 0x00000007d5e00000)
  object space 86016K, 18% used [0x0000000781a00000,0x0000000782996d58,0x0000000786e00000)
 PSPermGen       total 21504K, used 21061K [0x000000077c800000, 0x000000077dd00000, 0x0000000781a00000)
  object space 21504K, 97% used [0x000000077c800000,0x000000077dc91790,0x000000077dd00000)
}
Event: 4.375 GC heap before
{Heap before GC invocations=6 (full 0):
 PSYoungGen      total 71680K, used 71664K [0x00000007d5e00000, 0x00000007df700000, 0x0000000800000000)
  eden space 66560K, 100% used [0x00000007d5e00000,0x00000007d9f00000,0x00000007d9f00000)
  from space 5120K, 99% used [0x00000007d9f00000,0x00000007da3fc030,0x00000007da400000)
  to   space 11776K, 0% used [0x00000007deb80000,0x00000007deb80000,0x00000007df700000)
 ParOldGen       total 86016K, used 15963K [0x0000000781a00000, 0x0000000786e00000, 0x00000007d5e00000)
  object space 86016K, 18% used [0x0000000781a00000,0x0000000782996d58,0x0000000786e00000)
 PSPermGen       total 24064K, used 23805K [0x000000077c800000, 0x000000077df80000, 0x0000000781a00000)
  object space 24064K, 98% used [0x000000077c800000,0x000000077df3f558,0x000000077df80000)
Event: 4.393 GC heap after
Heap after GC invocations=6 (full 0):
 PSYoungGen      total 143872K, used 11086K [0x00000007d5e00000, 0x00000007df900000, 0x0000000800000000)
  eden space 132096K, 0% used [0x00000007d5e00000,0x00000007d5e00000,0x00000007ddf00000)
  from space 11776K, 94% used [0x00000007deb80000,0x00000007df653ab0,0x00000007df700000)
  to   space 12800K, 0% used [0x00000007ddf00000,0x00000007ddf00000,0x00000007deb80000)
 ParOldGen       total 86016K, used 15963K [0x0000000781a00000, 0x0000000786e00000, 0x00000007d5e00000)
  object space 86016K, 18% used [0x0000000781a00000,0x0000000782996d58,0x0000000786e00000)
 PSPermGen       total 24064K, used 23805K [0x000000077c800000, 0x000000077df80000, 0x0000000781a00000)
  object space 24064K, 98% used [0x000000077c800000,0x000000077df3f558,0x000000077df80000)
}
Event: 6.504 GC heap before
{Heap before GC invocations=7 (full 0):
 PSYoungGen      total 143872K, used 143182K [0x00000007d5e00000, 0x00000007df900000, 0x0000000800000000)
  eden space 132096K, 100% used [0x00000007d5e00000,0x00000007ddf00000,0x00000007ddf00000)
  from space 11776K, 94% used [0x00000007deb80000,0x00000007df653ab0,0x00000007df700000)
  to   space 12800K, 0% used [0x00000007ddf00000,0x00000007ddf00000,0x00000007deb80000)
 ParOldGen       total 86016K, used 15963K [0x0000000781a00000, 0x0000000786e00000, 0x00000007d5e00000)
  object space 86016K, 18% used [0x0000000781a00000,0x0000000782996d58,0x0000000786e00000)
 PSPermGen       total 29184K, used 28887K [0x000000077c800000, 0x000000077e480000, 0x0000000781a00000)
  object space 29184K, 98% used [0x000000077c800000,0x000000077e435c60,0x000000077e480000)
Event: 6.557 GC heap after
Heap after GC invocations=7 (full 0):
 PSYoungGen      total 144896K, used 12784K [0x00000007d5e00000, 0x00000007e8400000, 0x0000000800000000)
  eden space 132096K, 0% used [0x00000007d5e00000,0x00000007d5e00000,0x00000007ddf00000)
  from space 12800K, 99% used [0x00000007ddf00000,0x00000007deb7c010,0x00000007deb80000)
  to   space 18432K, 0% used [0x00000007e7200000,0x00000007e7200000,0x00000007e8400000)
 ParOldGen       total 86016K, used 24461K [0x0000000781a00000, 0x0000000786e00000, 0x00000007d5e00000)
  object space 86016K, 28% used [0x0000000781a00000,0x00000007831e3520,0x0000000786e00000)
 PSPermGen       total 29184K, used 28887K [0x000000077c800000, 0x000000077e480000, 0x0000000781a00000)
  object space 29184K, 98% used [0x000000077c800000,0x000000077e435c60,0x000000077e480000)
}
Event: 10.587 GC heap before
{Heap before GC invocations=8 (full 0):
 PSYoungGen      total 144896K, used 144880K [0x00000007d5e00000, 0x00000007e8400000, 0x0000000800000000)
  eden space 132096K, 100% used [0x00000007d5e00000,0x00000007ddf00000,0x00000007ddf00000)
  from space 12800K, 99% used [0x00000007ddf00000,0x00000007deb7c010,0x00000007deb80000)
  to   space 18432K, 0% used [0x00000007e7200000,0x00000007e7200000,0x00000007e8400000)
 ParOldGen       total 86016K, used 24461K [0x0000000781a00000, 0x0000000786e00000, 0x00000007d5e00000)
  object space 86016K, 28% used [0x0000000781a00000,0x00000007831e3520,0x0000000786e00000)
 PSPermGen       total 34816K, used 34421K [0x000000077c800000, 0x000000077ea00000, 0x0000000781a00000)
  object space 34816K, 98% used [0x000000077c800000,0x000000077e99d5c8,0x000000077ea00000)
Event: 10.620 GC heap after
Heap after GC invocations=8 (full 0):
 PSYoungGen      total 276480K, used 18408K [0x00000007d5e00000, 0x00000007e9000000, 0x0000000800000000)
  eden space 258048K, 0% used [0x00000007d5e00000,0x00000007d5e00000,0x00000007e5a00000)
  from space 18432K, 99% used [0x00000007e7200000,0x00000007e83fa210,0x00000007e8400000)
  to   space 24576K, 0% used [0x00000007e5a00000,0x00000007e5a00000,0x00000007e7200000)
 ParOldGen       total 86016K, used 32791K [0x0000000781a00000, 0x0000000786e00000, 0x00000007d5e00000)
  object space 86016K, 38% used [0x0000000781a00000,0x0000000783a05db8,0x0000000786e00000)
 PSPermGen       total 34816K, used 34421K [0x000000077c800000, 0x000000077ea00000, 0x0000000781a00000)
  object space 34816K, 98% used [0x000000077c800000,0x000000077e99d5c8,0x000000077ea00000)
}
Event: 17.646 GC heap before
{Heap before GC invocations=9 (full 0):
 PSYoungGen      total 276480K, used 276456K [0x00000007d5e00000, 0x00000007e9000000, 0x0000000800000000)
  eden space 258048K, 100% used [0x00000007d5e00000,0x00000007e5a00000,0x00000007e5a00000)
  from space 18432K, 99% used [0x00000007e7200000,0x00000007e83fa210,0x00000007e8400000)
  to   space 24576K, 0% used [0x00000007e5a00000,0x00000007e5a00000,0x00000007e7200000)
 ParOldGen       total 86016K, used 32791K [0x0000000781a00000, 0x0000000786e00000, 0x00000007d5e00000)
  object space 86016K, 38% used [0x0000000781a00000,0x0000000783a05db8,0x0000000786e00000)
 PSPermGen       total 35840K, used 35473K [0x000000077c800000, 0x000000077eb00000, 0x0000000781a00000)
  object space 35840K, 98% used [0x000000077c800000,0x000000077eaa4568,0x000000077eb00000)
Event: 17.683 GC heap after
Heap after GC invocations=9 (full 0):
 PSYoungGen      total 282624K, used 21547K [0x00000007d5e00000, 0x00000007f2680000, 0x0000000800000000)
  eden space 258048K, 0% used [0x00000007d5e00000,0x00000007d5e00000,0x00000007e5a00000)
  from space 24576K, 87% used [0x00000007e5a00000,0x00000007e6f0aed0,0x00000007e7200000)
  to   space 27136K, 0% used [0x00000007f0c00000,0x00000007f0c00000,0x00000007f2680000)
 ParOldGen       total 86016K, used 36778K [0x0000000781a00000, 0x0000000786e00000, 0x00000007d5e00000)
  object space 86016K, 42% used [0x0000000781a00000,0x0000000783deab70,0x0000000786e00000)
 PSPermGen       total 35840K, used 35473K [0x000000077c800000, 0x000000077eb00000, 0x0000000781a00000)
  object space 35840K, 98% used [0x000000077c800000,0x000000077eaa4568,0x000000077eb00000)
}
Event: 22.356 GC heap before
{Heap before GC invocations=10 (full 0):
 PSYoungGen      total 282624K, used 279595K [0x00000007d5e00000, 0x00000007f2680000, 0x0000000800000000)
  eden space 258048K, 100% used [0x00000007d5e00000,0x00000007e5a00000,0x00000007e5a00000)
  from space 24576K, 87% used [0x00000007e5a00000,0x00000007e6f0aed0,0x00000007e7200000)
  to   space 27136K, 0% used [0x00000007f0c00000,0x00000007f0c00000,0x00000007f2680000)
 ParOldGen       total 86016K, used 36778K [0x0000000781a00000, 0x0000000786e00000, 0x00000007d5e00000)
  object space 86016K, 42% used [0x0000000781a00000,0x0000000783deab70,0x0000000786e00000)
 PSPermGen       total 38912K, used 38867K [0x000000077c800000, 0x000000077ee00000, 0x0000000781a00000)
  object space 38912K, 99% used [0x000000077c800000,0x000000077edf4ca8,0x000000077ee00000)

